c:\projects_cross\emv\server\system\windows\vs\x64\debug\obj\vc143.pdb
c:\projects_cross\emv\server\system\windows\vs\x64\debug\obj\tlv.obj
c:\projects_cross\emv\server\system\windows\vs\x64\debug\obj\routerconnect.obj
c:\projects_cross\emv\server\system\windows\vs\x64\debug\obj\emvtrace.obj
c:\projects_cross\emv\server\system\windows\vs\x64\debug\obj\emvtools.obj
c:\projects_cross\emv\server\system\windows\vs\x64\debug\obj\emvtag.obj
c:\projects_cross\emv\server\system\windows\vs\x64\debug\obj\emvfile.obj
c:\projects_cross\emv\server\system\windows\vs\x64\debug\obj\emverror.obj
c:\projects_cross\emv\server\system\windows\vs\x64\debug\obj\emvconnect.obj
c:\projects_cross\emv\server\system\windows\vs\x64\debug\obj\emv.obj
c:\projects_cross\emv\server\system\windows\vs\x64\debug\obj\cb2a.obj
c:\projects_cross\emv\server\system\windows\vs\x64\debug\obj\main.obj
c:\projects_cross\emv\server\system\windows\vs\x64\debug\exe\emvserver64.exe
c:\projects_cross\emv\server\system\windows\vs\x64\debug\exe\emvserver64.pdb
c:\projects_cross\emv\server\system\windows\vs\x64\debug\exe\emvserver64.ilk
c:\projects_cross\emv\server\system\windows\vs\x64\debug\obj\emvserver.tlog\cl.command.1.tlog
c:\projects_cross\emv\server\system\windows\vs\x64\debug\obj\emvserver.tlog\cl.items.tlog
c:\projects_cross\emv\server\system\windows\vs\x64\debug\obj\emvserver.tlog\cl.read.1.tlog
c:\projects_cross\emv\server\system\windows\vs\x64\debug\obj\emvserver.tlog\cl.write.1.tlog
c:\projects_cross\emv\server\system\windows\vs\x64\debug\obj\emvserver.tlog\link.command.1.tlog
c:\projects_cross\emv\server\system\windows\vs\x64\debug\obj\emvserver.tlog\link.read.1.tlog
c:\projects_cross\emv\server\system\windows\vs\x64\debug\obj\emvserver.tlog\link.secondary.1.tlog
c:\projects_cross\emv\server\system\windows\vs\x64\debug\obj\emvserver.tlog\link.write.1.tlog
