  CB2A.c
  EMV.c
C:\PROJECTS_CROSS\EMV\Server\src\EMV.c(621,60): warning C4267: 'function': conversion from 'size_t' to 'BYTE', possible loss of data
  EMVConnect.c
  EMVError.c
  EMVFile.c
  EMVTag.c
  EMVTools.c
  EMVTrace.c
C:\PROJECTS_CROSS\EMV\Server\src\EMVTools.c(510,36): warning C4477: 'sscanf' : format string '%02x' requires an argument of type 'unsigned int *', but variadic argument 1 has type 'unsigned char *'
  C:\PROJECTS_CROSS\EMV\Server\src\EMVTools.c(510,36):
  consider using '%hhx' in the format string
  
C:\PROJECTS_CROSS\EMV\Server\src\EMVTrace.c(257,69): warning C4554: '<<': check operator precedence for possible error; use parentheses to clarify precedence
C:\PROJECTS_CROSS\EMV\Server\src\EMVTrace.c(257,79): warning C4554: '<<': check operator precedence for possible error; use parentheses to clarify precedence
C:\PROJECTS_CROSS\EMV\Server\src\EMVTrace.c(537,1): warning C4819: The file contains a character that cannot be represented in the current code page (874). Save the file in Unicode format to prevent data loss
C:\PROJECTS_CROSS\EMV\Server\src\EMVTrace.c(1220,9): warning C4477: 'printf' : format string '%s' requires an argument of type 'char *', but variadic argument 2 has type 'int'
  RouterConnect.c
  main.cpp
  Generating code
  144 of 999 functions (14.4%) were compiled, the rest were copied from previous compilation.
    4 functions were new in current compilation
    147 functions had inline decision re-evaluated but remain unchanged
  Finished generating code
  EMVServer.vcxproj -> C:\PROJECTS_CROSS\EMV\Server\system\WINDOWS\VS\x86\Release\exe\EMVServer32.exe
  C:\PROJECTS_CROSS\EMV\Server\system\WINDOWS\VS\x86\Release\exe\EMVServer32.exe
  1 File(s) copied
