c:\projects_cross\emv\server\system\windows\vs\x64\release\obj\vc143.pdb
c:\projects_cross\emv\server\system\windows\vs\x64\release\obj\tlv.obj
c:\projects_cross\emv\server\system\windows\vs\x64\release\obj\routerconnect.obj
c:\projects_cross\emv\server\system\windows\vs\x64\release\obj\emvtrace.obj
c:\projects_cross\emv\server\system\windows\vs\x64\release\obj\emvtools.obj
c:\projects_cross\emv\server\system\windows\vs\x64\release\obj\emvtag.obj
c:\projects_cross\emv\server\system\windows\vs\x64\release\obj\emvfile.obj
c:\projects_cross\emv\server\system\windows\vs\x64\release\obj\emverror.obj
c:\projects_cross\emv\server\system\windows\vs\x64\release\obj\emvconnect.obj
c:\projects_cross\emv\server\system\windows\vs\x64\release\obj\emv.obj
c:\projects_cross\emv\server\system\windows\vs\x64\release\obj\cb2a.obj
c:\projects_cross\emv\server\system\windows\vs\x64\release\obj\main.obj
c:\projects_cross\emv\server\system\windows\vs\x64\release\exe\emvserver64.exe
c:\projects_cross\emv\server\system\windows\vs\x64\release\exe\emvserver64.pdb
c:\projects_cross\emv\server\system\windows\vs\x64\release\obj\emvserver64.ipdb
c:\projects_cross\emv\server\system\windows\vs\x64\release\obj\emvserver64.iobj
c:\projects_cross\emv\server\system\windows\vs\x64\release\obj\emvserver.tlog\cl.command.1.tlog
c:\projects_cross\emv\server\system\windows\vs\x64\release\obj\emvserver.tlog\cl.items.tlog
c:\projects_cross\emv\server\system\windows\vs\x64\release\obj\emvserver.tlog\cl.read.1.tlog
c:\projects_cross\emv\server\system\windows\vs\x64\release\obj\emvserver.tlog\cl.write.1.tlog
c:\projects_cross\emv\server\system\windows\vs\x64\release\obj\emvserver.tlog\link.command.1.tlog
c:\projects_cross\emv\server\system\windows\vs\x64\release\obj\emvserver.tlog\link.read.1.tlog
c:\projects_cross\emv\server\system\windows\vs\x64\release\obj\emvserver.tlog\link.secondary.1.tlog
c:\projects_cross\emv\server\system\windows\vs\x64\release\obj\emvserver.tlog\link.write.1.tlog
