  CB2A.c
  EMV.c
  EMVConnect.c
C:\PROJECTS_CROSS\EMV\Server\src\EMV.c(541,60): warning C4267: 'function': conversion from 'size_t' to 'BYTE', possible loss of data
  EMVError.c
  EMVFile.c
  EMVTag.c
  EMVTools.c
C:\PROJECTS_CROSS\EMV\Server\src\EMVTools.c(510,36): warning C4477: 'sscanf' : format string '%02x' requires an argument of type 'unsigned int *', but variadic argument 1 has type 'unsigned char *'
  C:\PROJECTS_CROSS\EMV\Server\src\EMVTools.c(510,36):
  consider using '%hhx' in the format string
  
  EMVTrace.c
  RouterConnect.c
C:\PROJECTS_CROSS\EMV\Server\src\EMVTrace.c(257,69): warning C4554: '<<': check operator precedence for possible error; use parentheses to clarify precedence
C:\PROJECTS_CROSS\EMV\Server\src\EMVTrace.c(257,79): warning C4554: '<<': check operator precedence for possible error; use parentheses to clarify precedence
C:\PROJECTS_CROSS\EMV\Server\src\EMVTrace.c(538,1): warning C4819: The file contains a character that cannot be represented in the current code page (874). Save the file in Unicode format to prevent data loss
C:\PROJECTS_CROSS\EMV\Server\src\EMVTrace.c(1221,9): warning C4477: 'printf' : format string '%s' requires an argument of type 'char *', but variadic argument 2 has type 'int'
  tlv.c
  Generating Code...
  main.cpp
LINK : warning LNK4098: defaultlib 'MSVCRTD' conflicts with use of other libs; use /NODEFAULTLIB:library
  EMVServer.vcxproj -> C:\PROJECTS_CROSS\EMV\Server\system\WINDOWS\VS\x86\Debug\exe\EMVServer32.exe
