c:\projects_cross\emv\client\system\windows\vs\x64\release\obj\vc143.pdb
c:\projects_cross\emv\client\system\windows\vs\x64\release\obj\emvtools.obj
c:\projects_cross\emv\client\system\windows\vs\x64\release\obj\emverror.obj
c:\projects_cross\emv\client\system\windows\vs\x64\release\obj\card.obj
c:\projects_cross\emv\client\system\windows\vs\x64\release\obj\routerconnect.obj
c:\projects_cross\emv\client\system\windows\vs\x64\release\obj\emvconnect.obj
c:\projects_cross\emv\client\system\windows\vs\x64\release\obj\main.obj
c:\projects_cross\emv\client\system\windows\vs\x64\release\exec\emvclient.exe
c:\projects_cross\emv\client\system\windows\vs\x64\release\exec\emvclient.pdb
c:\projects_cross\emv\client\system\windows\vs\x64\release\exe\emvclient64.exe
c:\projects_cross\emv\client\system\windows\vs\x64\release\exe\emvclient64.pdb
c:\projects_cross\emv\client\system\windows\vs\x64\release\obj\emvclient64.ipdb
c:\projects_cross\emv\client\system\windows\vs\x64\release\obj\emvclient64.iobj
c:\projects_cross\emv\client\system\windows\vs\x64\release\obj\emvclient.ipdb
c:\projects_cross\emv\client\system\windows\vs\x64\release\obj\emvclient.iobj
c:\projects_cross\emv\client\system\windows\vs\x64\release\obj\emvclient.tlog\cl.command.1.tlog
c:\projects_cross\emv\client\system\windows\vs\x64\release\obj\emvclient.tlog\cl.items.tlog
c:\projects_cross\emv\client\system\windows\vs\x64\release\obj\emvclient.tlog\cl.read.1.tlog
c:\projects_cross\emv\client\system\windows\vs\x64\release\obj\emvclient.tlog\cl.write.1.tlog
c:\projects_cross\emv\client\system\windows\vs\x64\release\obj\emvclient.tlog\link.command.1.tlog
c:\projects_cross\emv\client\system\windows\vs\x64\release\obj\emvclient.tlog\link.read.1.tlog
c:\projects_cross\emv\client\system\windows\vs\x64\release\obj\emvclient.tlog\link.secondary.1.tlog
c:\projects_cross\emv\client\system\windows\vs\x64\release\obj\emvclient.tlog\link.write.1.tlog
